app/build/outputs/mapping/release/seeds.txt
com.kolo.prayer.ui.reader.ReaderViewModel
com.kolo.prayer.data.model.Verse$Companion
com.kolo.prayer.data.model.Section$$serializer
com.kolo.prayer.data.repository.SerializableProgress$$serializer
com.kolo.prayer.ui.settings.SettingsViewModel
com.kolo.prayer.data.repository.SerializableProgress$Companion
com.kolo.prayer.data.model.Section
com.kolo.prayer.data.model.BooksIndex$Companion
com.kolo.prayer.ui.bookdetail.BookDetailViewModel
com.kolo.prayer.data.model.BooksIndex$$serializer
com.kolo.prayer.data.model.Section$Companion
com.kolo.prayer.data.model.Book$Companion
com.kolo.prayer.ui.home.HomeViewModel
com.kolo.prayer.MainActivity_GeneratedInjector
com.kolo.prayer.ui.onboarding.OnboardingViewModel
com.kolo.prayer.KoloApp
com.kolo.prayer.data.model.BooksIndex
com.kolo.prayer.data.model.Book
com.kolo.prayer.KoloApp_GeneratedInjector
com.kolo.prayer.MainActivity
com.kolo.prayer.data.model.BookSummary
com.kolo.prayer.data.model.Verse
com.kolo.prayer.data.repository.SerializableProgress
com.kolo.prayer.data.model.BookSummary$$serializer
com.kolo.prayer.data.model.Book$$serializer
com.kolo.prayer.data.model.BookSummary$Companion
com.kolo.prayer.data.model.Verse$$serializer
com.kolo.prayer.data.model.Book$$serializer: com.kolo.prayer.data.model.Book$$serializer INSTANCE
com.kolo.prayer.data.model.BookSummary: com.kolo.prayer.data.model.BookSummary$Companion Companion
com.kolo.prayer.data.model.BookSummary$$serializer: com.kolo.prayer.data.model.BookSummary$$serializer INSTANCE
com.kolo.prayer.data.model.BookSummary$$serializer: kotlinx.serialization.descriptors.SerialDescriptor descriptor
com.kolo.prayer.data.model.BooksIndex$$serializer: com.kolo.prayer.data.model.BooksIndex$$serializer INSTANCE
com.kolo.prayer.data.model.Verse$$serializer: int $stable
com.kolo.prayer.data.model.BookSummary$$serializer: int $stable
com.kolo.prayer.data.model.Book: com.kolo.prayer.data.model.Book$Companion Companion
com.kolo.prayer.data.model.Verse$$serializer: kotlinx.serialization.descriptors.SerialDescriptor descriptor
com.kolo.prayer.data.model.Section$$serializer: int $stable
com.kolo.prayer.data.model.BooksIndex$$serializer: int $stable
com.kolo.prayer.data.model.BooksIndex$$serializer: kotlinx.serialization.descriptors.SerialDescriptor descriptor
com.kolo.prayer.data.repository.SerializableProgress$$serializer: com.kolo.prayer.data.repository.SerializableProgress$$serializer INSTANCE
com.kolo.prayer.data.repository.SerializableProgress: com.kolo.prayer.data.repository.SerializableProgress$Companion Companion
com.kolo.prayer.data.repository.SerializableProgress$$serializer: int $stable
com.kolo.prayer.data.model.Section: com.kolo.prayer.data.model.Section$Companion Companion
com.kolo.prayer.data.repository.SerializableProgress$$serializer: kotlinx.serialization.descriptors.SerialDescriptor descriptor
com.kolo.prayer.data.model.Book$$serializer: kotlinx.serialization.descriptors.SerialDescriptor descriptor
com.kolo.prayer.data.model.Verse$$serializer: com.kolo.prayer.data.model.Verse$$serializer INSTANCE
com.kolo.prayer.data.model.Verse: com.kolo.prayer.data.model.Verse$Companion Companion
com.kolo.prayer.data.model.Section$$serializer: com.kolo.prayer.data.model.Section$$serializer INSTANCE
com.kolo.prayer.data.model.Section$$serializer: kotlinx.serialization.descriptors.SerialDescriptor descriptor
com.kolo.prayer.data.model.Book$$serializer: int $stable
com.kolo.prayer.data.model.BooksIndex: com.kolo.prayer.data.model.BooksIndex$Companion Companion
com.kolo.prayer.data.model.Verse$$serializer: void serialize(kotlinx.serialization.encoding.Encoder,com.kolo.prayer.data.model.Verse)
com.kolo.prayer.data.model.BookSummary$$serializer: void serialize(kotlinx.serialization.encoding.Encoder,com.kolo.prayer.data.model.BookSummary)
com.kolo.prayer.data.model.Verse$$serializer: void serialize(kotlinx.serialization.encoding.Encoder,java.lang.Object)
...
com.google.firestore.v1.Precondition: java.lang.Object conditionType_
com.google.firestore.v1.Precondition: int EXISTS_FIELD_NUMBER
kotlinx.serialization.json.internal.InternalJsonWriter: kotlinx.serialization.json.internal.InternalJsonWriter$Companion Companion
com.google.firestore.v1.BitSequence: com.google.firestore.v1.BitSequence DEFAULT_INSTANCE
com.google.firebase.firestore.proto.NoDocument: com.google.protobuf.Parser PARSER
com.google.firestore.v1.DocumentDelete: int READ_TIME_FIELD_NUMBER
com.google.rpc.Status: java.lang.String message_
kotlin.coroutines.SafeContinuation: java.lang.Object result
com.google.firestore.v1.StructuredQuery$CompositeFilter: int op_
com.google.firestore.v1.StructuredQuery: int OFFSET_FIELD_NUMBER
com.google.firestore.v1.Precondition: com.google.protobuf.Parser PARSER
com.google.firestore.v1.StructuredQuery$CollectionSelector: com.google.firestore.v1.StructuredQuery$CollectionSelector DEFAULT_INSTANCE
com.google.protobuf.Any: com.google.protobuf.Any DEFAULT_INSTANCE
com.google.firestore.v1.ExistenceFilter: int COUNT_FIELD_NUMBER
com.google.firebase.firestore.proto.Target: int targetTypeCase_
com.google.protobuf.Timestamp: com.google.protobuf.Timestamp DEFAULT_INSTANCE
com.google.protobuf.Timestamp: int nanos_
com.google.firestore.v1.Target$QueryTarget: java.lang.String parent_
com.google.android.gms.common.internal.zav: android.os.Parcelable$Creator CREATOR
com.google.firestore.v1.DocumentMask: com.google.protobuf.Parser PARSER
com.google.firebase.firestore.proto.Target: int targetId_
com.google.firestore.admin.v1.Index: int NAME_FIELD_NUMBER
kotlinx.coroutines.internal.Segment: int cleanedAndPointers$volatile
com.google.firestore.v1.StructuredQuery$UnaryFilter: com.google.protobuf.Parser PARSER
kotlinx.coroutines.sync.SemaphoreAndMutexImpl: long deqIdx$volatile
com.google.firestore.v1.Document: int NAME_FIELD_NUMBER
com.google.firestore.v1.Target: int targetTypeCase_
com.google.firebase.Timestamp: android.os.Parcelable$Creator CREATOR
com.google.firebase.firestore.proto.Target: com.google.protobuf.Timestamp lastLimboFreeSnapshotVersion_
com.google.firestore.v1.Target: int RESUME_TOKEN_FIELD_NUMBER
kotlinx.coroutines.EventLoopImplBase: java.lang.Object _delayed$volatile
androidx.concurrent.futures.AbstractResolvableFuture$Waiter: java.lang.Thread thread
com.google.firestore.v1.Document: int bitField0_
com.google.firestore.v1.DocumentChange: int removedTargetIdsMemoizedSerializedSize
com.google.firestore.admin.v1.Index: int FIELDS_FIELD_NUMBER
androidx.concurrent.futures.AbstractResolvableFuture$Waiter: androidx.concurrent.futures.AbstractResolvableFuture$Waiter next
com.google.firestore.v1.Document: int UPDATE_TIME_FIELD_NUMBER
kotlinx.coroutines.channels.BufferedChannel: long completedExpandBuffersAndPauseFlag$volatile
com.google.firestore.v1.ListenRequest: int ADD_TARGET_FIELD_NUMBER
kotlinx.coroutines.JobSupport: java.lang.Object _parentHandle$volatile
com.google.firestore.v1.Target: int TARGET_ID_FIELD_NUMBER
com.google.firestore.v1.WriteResult: int UPDATE_TIME_FIELD_NUMBER
com.google.firestore.v1.StructuredQuery$Filter: int filterTypeCase_
com.google.firestore.v1.TargetChange: com.google.protobuf.Timestamp readTime_
com.google.firestore.v1.StructuredQuery$Order: int bitField0_
com.google.firestore.v1.ExistenceFilter: int TARGET_ID_FIELD_NUMBER
kotlinx.coroutines.CancellableContinuationImpl: java.lang.Object _parentHandle$volatile
kotlinx.coroutines.DefaultExecutor: java.lang.Thread _thread
com.google.firestore.v1.StructuredQuery$Order: com.google.firestore.v1.StructuredQuery$Order DEFAULT_INSTANCE
com.google.firestore.v1.WriteResponse: int WRITE_RESULTS_FIELD_NUMBER
com.google.firestore.v1.WriteResponse: com.google.protobuf.Internal$ProtobufList writeResults_
com.google.protobuf.GeneratedMessageLite: int UNINITIALIZED_SERIALIZED_SIZE
com.google.firestore.admin.v1.Index: int state_
kotlinx.coroutines.internal.ConcurrentLinkedListNode: java.lang.Object _next$volatile